  VisualGDB: Sending 22 updated source files to build machine...
  VisualGDB: Run "make CONFIG=Debug" in directory "/tmp/VisualGDB/j/Software/SatVS2/PodCtrlr/uio_helper/uio_helper" on hsbuilder@127.0.0.1:2200 (SSH)
  mkdir -p Debug/ARM
  /soc_dev/buildroot/output/host/usr/bin/arm-linux-gnueabihf-gcc -ggdb -ffunction-sections -O0  -I../../uio_helper/uio_helper/src -DDEBUG=1  -c src/uio_find_devices.c -o Debug/ARM/uio_find_devices.o -MD -MF Debug/ARM/uio_find_devices.dep
  /soc_dev/buildroot/output/host/usr/bin/arm-linux-gnueabihf-gcc -ggdb -ffunction-sections -O0  -I../../uio_helper/uio_helper/src -DDEBUG=1  -c src/uio_find_devices_byname.c -o Debug/ARM/uio_find_devices_byname.o -MD -MF Debug/ARM/uio_find_devices_byname.dep
  /soc_dev/buildroot/output/host/usr/bin/arm-linux-gnueabihf-gcc -ggdb -ffunction-sections -O0  -I../../uio_helper/uio_helper/src -DDEBUG=1  -c src/uio_free.c -o Debug/ARM/uio_free.o -MD -MF Debug/ARM/uio_free.dep
  /soc_dev/buildroot/output/host/usr/bin/arm-linux-gnueabihf-gcc -ggdb -ffunction-sections -O0  -I../../uio_helper/uio_helper/src -DDEBUG=1  -c src/uio_get_all_info.c -o Debug/ARM/uio_get_all_info.o -MD -MF Debug/ARM/uio_get_all_info.dep
  /soc_dev/buildroot/output/host/usr/bin/arm-linux-gnueabihf-gcc -ggdb -ffunction-sections -O0  -I../../uio_helper/uio_helper/src -DDEBUG=1  -c src/uio_get_device_attributes.c -o Debug/ARM/uio_get_device_attributes.o -MD -MF Debug/ARM/uio_get_device_attributes.dep
  /soc_dev/buildroot/output/host/usr/bin/arm-linux-gnueabihf-gcc -ggdb -ffunction-sections -O0  -I../../uio_helper/uio_helper/src -DDEBUG=1  -c src/uio_get_event_count.c -o Debug/ARM/uio_get_event_count.o -MD -MF Debug/ARM/uio_get_event_count.dep
  /soc_dev/buildroot/output/host/usr/bin/arm-linux-gnueabihf-gcc -ggdb -ffunction-sections -O0  -I../../uio_helper/uio_helper/src -DDEBUG=1  -c src/uio_get_mem_addr.c -o Debug/ARM/uio_get_mem_addr.o -MD -MF Debug/ARM/uio_get_mem_addr.dep
  /soc_dev/buildroot/output/host/usr/bin/arm-linux-gnueabihf-gcc -ggdb -ffunction-sections -O0  -I../../uio_helper/uio_helper/src -DDEBUG=1  -c src/uio_get_mem_size.c -o Debug/ARM/uio_get_mem_size.o -MD -MF Debug/ARM/uio_get_mem_size.dep
  /soc_dev/buildroot/output/host/usr/bin/arm-linux-gnueabihf-gcc -ggdb -ffunction-sections -O0  -I../../uio_helper/uio_helper/src -DDEBUG=1  -c src/uio_get_name.c -o Debug/ARM/uio_get_name.o -MD -MF Debug/ARM/uio_get_name.dep
  /soc_dev/buildroot/output/host/usr/bin/arm-linux-gnueabihf-gcc -ggdb -ffunction-sections -O0  -I../../uio_helper/uio_helper/src -DDEBUG=1  -c src/uio_get_version.c -o Debug/ARM/uio_get_version.o -MD -MF Debug/ARM/uio_get_version.dep
  /soc_dev/buildroot/output/host/usr/bin/arm-linux-gnueabihf-gcc -ggdb -ffunction-sections -O0  -I../../uio_helper/uio_helper/src -DDEBUG=1  -c src/uio_line_from_file.c -o Debug/ARM/uio_line_from_file.o -MD -MF Debug/ARM/uio_line_from_file.dep
  /soc_dev/buildroot/output/host/usr/bin/arm-linux-gnueabihf-gcc -ggdb -ffunction-sections -O0  -I../../uio_helper/uio_helper/src -DDEBUG=1  -c src/uio_mmap.c -o Debug/ARM/uio_mmap.o -MD -MF Debug/ARM/uio_mmap.dep
  /soc_dev/buildroot/output/host/usr/bin/arm-linux-gnueabihf-gcc -ggdb -ffunction-sections -O0  -I../../uio_helper/uio_helper/src -DDEBUG=1  -c src/uio_munmap.c -o Debug/ARM/uio_munmap.o -MD -MF Debug/ARM/uio_munmap.dep
  /soc_dev/buildroot/output/host/usr/bin/arm-linux-gnueabihf-gcc -ggdb -ffunction-sections -O0  -I../../uio_helper/uio_helper/src -DDEBUG=1  -c src/uio_num_from_filename.c -o Debug/ARM/uio_num_from_filename.o -MD -MF Debug/ARM/uio_num_from_filename.dep
  /soc_dev/buildroot/output/host/usr/bin/arm-linux-gnueabihf-gcc -ggdb -ffunction-sections -O0  -I../../uio_helper/uio_helper/src -DDEBUG=1  -c src/uio_single_mmap.c -o Debug/ARM/uio_single_mmap.o -MD -MF Debug/ARM/uio_single_mmap.dep
  /soc_dev/buildroot/output/host/usr/bin/arm-linux-gnueabihf-gcc -ggdb -ffunction-sections -O0  -I../../uio_helper/uio_helper/src -DDEBUG=1  -c src/uio_single_munmap.c -o Debug/ARM/uio_single_munmap.o -MD -MF Debug/ARM/uio_single_munmap.dep
  /soc_dev/buildroot/output/host/usr/bin/arm-linux-gnueabihf-ar -r Debug/ARM/uio_helper.a Debug/ARM/uio_find_devices.o Debug/ARM/uio_find_devices_byname.o Debug/ARM/uio_free.o Debug/ARM/uio_get_all_info.o Debug/ARM/uio_get_device_attributes.o Debug/ARM/uio_get_event_count.o Debug/ARM/uio_get_mem_addr.o Debug/ARM/uio_get_mem_size.o Debug/ARM/uio_get_name.o Debug/ARM/uio_get_version.o Debug/ARM/uio_line_from_file.o Debug/ARM/uio_mmap.o Debug/ARM/uio_munmap.o Debug/ARM/uio_num_from_filename.o Debug/ARM/uio_single_mmap.o Debug/ARM/uio_single_munmap.o
  /soc_dev/buildroot/output/host/usr/bin/arm-linux-gnueabihf-ar: creating Debug/ARM/uio_helper.a
  VisualGDB: Executing post-build actions
  VisualGDB: Copy file /tmp/VisualGDB/j/Software/SatVS2/PodCtrlr/uio_helper/uio_helper/Debug/ARM/uio_helper.a on 127.0.0.1:2200 to J:\Software\SatVS2\PodCtrlr\uio_helper\uio_helper\Debug\ARM\uio_helper.a on local computer
